{"logTime": "0310/203714", "correlationVector":"EtDmxUANfX+7hrbYaFV51S.1","action":"SyncServerConnectionManagerRequest", "result":"SYNC_SERVER_OK", "context":{"environment":"Prod_francecentral_prod-s01-062-eur-francecentral", "migrationStage":"NotStarted", "server":"akswtt112000007"}}
{"logTime": "0310/203714", "correlationVector":"EtDmxUANfX+7hrbYaFV51S.2","action":"ProcessGetUpdates", "result":"Done", "context":{"dataType":"Encryption Keys", "deleted":"0", "process_failed_to_decrypt":"0", "process_pending_decryption":"0", "process_success":"1", "total":"1"}}
{"logTime": "0310/203715", "correlationVector":"t62ItjRcoDvu89sws/n9PW","action":"SyncServerConnectionManagerRequest", "result":"SYNC_SERVER_OK", "context":{"environment":"", "migrationStage":"", "server":""}}
{"logTime": "0310/203715", "correlationVector":"t62ItjRcoDvu89sws/n9PW.0","action":"EncryptionKeysFetcher.DownloadKeys:", "result":"Success", "context":Key count: 3, Last key timestamp: 2025-09-30T23:14:43Z}
{"logTime": "0310/203715", "correlationVector":"t62ItjRcoDvu89sws/n9PW.1","action":"EncryptionKeysManager::SetEncryptionKeys:", "result":"Success", "context":Key names[3]:[NrEWK9vgeFBoy+4+Bvc1EkVbgBZy8Tjyq4W0e6vFLA7/8WcGaAG8clLKypb0V/Nx3VBPgct5Bv5dOMGGFbg7KQ==][sWGB46rQ93kNH+c3gkPwFscb7L34jyJN7h9fI8mHJSlOJykR7vEb9fquw0XXmed0jGPrPlDAd5yX5tVyxlJjuQ==][yA0eBnvqhCq1E+ycYNZqqJrnV12H8mfjyVO3/C36wrQ2x9Vh1FLhLyY7+KkoMyQmp2BGmmBt7hO2PUjK+e+3JQ==]}
{"logTime": "0310/203715", "correlationVector":"t62ItjRcoDvu89sws/n9PW.2","action":"EncryptionKeysManager::SetEncryptionKeysWithTimestamps:", "result":"Success", "context":Key timestamps[3]:[2024-10-03T13:55:33Z][2025-04-02T23:08:19Z][2025-09-30T23:14:43Z]}
{"logTime": "0310/203715", "correlationVector":"EtDmxUANfX+7hrbYaFV51S","action":"Initial GetUpdates", "result":"", "context":Reason: NEW_CLIENT. cV=EtDmxUANfX+7hrbYaFV51S}
{"logTime": "0310/203715", "correlationVector":"EtDmxUANfX+7hrbYaFV51S.3","action":"GetUpdates Response", "result":"Success", "context":Received 1 update(s). cV=EtDmxUANfX+7hrbYaFV51S.0;server=akswtt112000007;cloudType=Consumer;environment=Prod_francecentral_prod-s01-062-eur-francecentral;migrationStage=NotStarted}
{"logTime": "0310/203715", "correlationVector":"/nec8YHtzsUZq5FVO2toXg","action":"Initial GetUpdates", "result":"", "context":Reason: NEWLY_SUPPORTED_DATATYPE. cV=/nec8YHtzsUZq5FVO2toXg}
{"logTime": "0310/203715", "correlationVector":"/nec8YHtzsUZq5FVO2toXg.1","action":"SyncServerConnectionManagerRequest", "result":"SYNC_SERVER_OK", "context":{"environment":"Prod_francecentral_prod-s01-062-eur-francecentral", "migrationStage":"NotStarted", "server":"akswtt11200002h"}}
{"logTime": "0310/203715", "correlationVector":"/nec8YHtzsUZq5FVO2toXg.2","action":"ProcessGetUpdates", "result":"Done", "context":{"dataType":"Preferences", "deleted":"0", "process_failed_to_decrypt":"0", "process_pending_decryption":"0", "process_success":"71", "total":"71"}}
{"logTime": "0310/203715", "correlationVector":"/nec8YHtzsUZq5FVO2toXg.3","action":"ProcessGetUpdates", "result":"Done", "context":{"dataType":"Passwords", "deleted":"0", "process_failed_to_decrypt":"0", "process_pending_decryption":"0", "process_success":"52", "total":"52"}}
{"logTime": "0310/203715", "correlationVector":"/nec8YHtzsUZq5FVO2toXg.4","action":"ProcessGetUpdates", "result":"Done", "context":{"dataType":"Device Info", "deleted":"0", "process_failed_to_decrypt":"0", "process_pending_decryption":"0", "process_success":"15", "total":"15"}}
{"logTime": "0310/203715", "correlationVector":"/nec8YHtzsUZq5FVO2toXg.5","action":"GetUpdates Response", "result":"Success", "context":Received 138 update(s). cV=/nec8YHtzsUZq5FVO2toXg.0;server=akswtt11200002h;cloudType=Consumer;environment=Prod_francecentral_prod-s01-062-eur-francecentral;migrationStage=NotStarted}
{"logTime": "0310/203715", "correlationVector":"4NYWR6n1odJkTc7825a3aj","action":"Initial GetUpdates", "result":"", "context":Reason: NEWLY_SUPPORTED_DATATYPE. cV=4NYWR6n1odJkTc7825a3aj}
{"logTime": "0310/203715", "correlationVector":"4NYWR6n1odJkTc7825a3aj.1","action":"SyncServerConnectionManagerRequest", "result":"SYNC_SERVER_OK", "context":{"environment":"Prod_francecentral_prod-s01-062-eur-francecentral", "migrationStage":"NotStarted", "server":"akswtt11200002f"}}
{"logTime": "0310/203715", "correlationVector":"4NYWR6n1odJkTc7825a3aj.2","action":"ProcessGetUpdates", "result":"Done", "context":{"dataType":"Bookmarks", "deleted":"0", "process_failed_to_decrypt":"0", "process_pending_decryption":"0", "process_success":"9", "total":"9"}}
{"logTime": "0310/203715", "correlationVector":"4NYWR6n1odJkTc7825a3aj.3","action":"GetUpdates Response", "result":"Success", "context":Received 9 update(s). cV=4NYWR6n1odJkTc7825a3aj.0;server=akswtt11200002f;cloudType=Consumer;environment=Prod_francecentral_prod-s01-062-eur-francecentral;migrationStage=NotStarted}
{"logTime": "0310/203715", "correlationVector":"dwjLpvJsSSoM9NMNLBRv35","action":"Initial GetUpdates", "result":"", "context":Reason: NEWLY_SUPPORTED_DATATYPE. cV=dwjLpvJsSSoM9NMNLBRv35}
{"logTime": "0310/203716", "correlationVector":"dwjLpvJsSSoM9NMNLBRv35.1","action":"SyncServerConnectionManagerRequest", "result":"SYNC_SERVER_OK", "context":{"environment":"Prod_francecentral_prod-s01-062-eur-francecentral", "migrationStage":"NotStarted", "server":"akswtt11200001x"}}
{"logTime": "0310/203716", "correlationVector":"dwjLpvJsSSoM9NMNLBRv35.2","action":"ProcessGetUpdates", "result":"Done", "context":{"dataType":"Autofill Profiles", "deleted":"0", "process_failed_to_decrypt":"0", "process_pending_decryption":"0", "process_success":"8", "total":"8"}}
{"logTime": "0310/203716", "correlationVector":"dwjLpvJsSSoM9NMNLBRv35.3","action":"ProcessGetUpdates", "result":"Done", "context":{"dataType":"Autofill", "deleted":"0", "process_failed_to_decrypt":"0", "process_pending_decryption":"0", "process_success":"240", "total":"240"}}
{"logTime": "0310/203716", "correlationVector":"dwjLpvJsSSoM9NMNLBRv35.4","action":"ProcessGetUpdates", "result":"Done", "context":{"dataType":"Web Apps", "deleted":"0", "process_failed_to_decrypt":"0", "process_pending_decryption":"0", "process_success":"2", "total":"2"}}
{"logTime": "0310/203716", "correlationVector":"dwjLpvJsSSoM9NMNLBRv35.5","action":"GetUpdates Response", "result":"Success", "context":Received 250 update(s). cV=dwjLpvJsSSoM9NMNLBRv35.0;server=akswtt11200001x;cloudType=Consumer;environment=Prod_francecentral_prod-s01-062-eur-francecentral;migrationStage=NotStarted Some updates remain.}
{"logTime": "0310/203716", "correlationVector":"4tLR9ZcfzBMRb6Nn3tsKyG","action":"Initial GetUpdates", "result":"", "context":Reason: NEWLY_SUPPORTED_DATATYPE. cV=4tLR9ZcfzBMRb6Nn3tsKyG}
{"logTime": "0310/203716", "correlationVector":"4tLR9ZcfzBMRb6Nn3tsKyG.1","action":"SyncServerConnectionManagerRequest", "result":"SYNC_SERVER_OK", "context":{"environment":"Prod_francecentral_prod-s01-062-eur-francecentral", "migrationStage":"NotStarted", "server":"akswtt112000016"}}
{"logTime": "0310/203716", "correlationVector":"4tLR9ZcfzBMRb6Nn3tsKyG.2","action":"ProcessGetUpdates", "result":"Done", "context":{"dataType":"Autofill Profiles", "deleted":"0", "process_failed_to_decrypt":"0", "process_pending_decryption":"0", "process_success":"3", "total":"3"}}
{"logTime": "0310/203716", "correlationVector":"4tLR9ZcfzBMRb6Nn3tsKyG.3","action":"ProcessGetUpdates", "result":"Done", "context":{"dataType":"Autofill", "deleted":"0", "process_failed_to_decrypt":"0", "process_pending_decryption":"0", "process_success":"66", "total":"66"}}
{"logTime": "0310/203716", "correlationVector":"4tLR9ZcfzBMRb6Nn3tsKyG.4","action":"ProcessGetUpdates", "result":"Done", "context":{"dataType":"Sessions", "deleted":"166", "process_failed_to_decrypt":"0", "process_pending_decryption":"0", "process_success":"166", "total":"166"}}
{"logTime": "0310/203716", "correlationVector":"4tLR9ZcfzBMRb6Nn3tsKyG.5","action":"ProcessGetUpdates", "result":"Done", "context":{"dataType":"Saved Tab Group", "deleted":"2", "process_failed_to_decrypt":"0", "process_pending_decryption":"0", "process_success":"2", "total":"2"}}
{"logTime": "0310/203716", "correlationVector":"4tLR9ZcfzBMRb6Nn3tsKyG.6","action":"ProcessGetUpdates", "result":"Done", "context":{"dataType":"Edge Hub App Usage", "deleted":"12", "process_failed_to_decrypt":"0", "process_pending_decryption":"0", "process_success":"13", "total":"13"}}
{"logTime": "0310/203716", "correlationVector":"4tLR9ZcfzBMRb6Nn3tsKyG.7","action":"GetUpdates Response", "result":"Success", "context":Received 250 update(s). cV=4tLR9ZcfzBMRb6Nn3tsKyG.0;server=akswtt112000016;cloudType=Consumer;environment=Prod_francecentral_prod-s01-062-eur-francecentral;migrationStage=NotStarted Some updates remain.}
{"logTime": "0310/203716", "correlationVector":"ZFVfidNPo76+P8klIlU66b","action":"Initial GetUpdates", "result":"", "context":Reason: NEWLY_SUPPORTED_DATATYPE. cV=ZFVfidNPo76+P8klIlU66b}
{"logTime": "0310/203717", "correlationVector":"ZFVfidNPo76+P8klIlU66b.1","action":"SyncServerConnectionManagerRequest", "result":"SYNC_SERVER_OK", "context":{"environment":"Prod_francecentral_prod-s01-062-eur-francecentral", "migrationStage":"NotStarted", "server":"akswtt11200001x"}}
{"logTime": "0310/203717", "correlationVector":"ZFVfidNPo76+P8klIlU66b.2","action":"ProcessGetUpdates", "result":"Done", "context":{"dataType":"Autofill", "deleted":"0", "process_failed_to_decrypt":"0", "process_pending_decryption":"0", "process_success":"29", "total":"29"}}
{"logTime": "0310/203717", "correlationVector":"ZFVfidNPo76+P8klIlU66b.3","action":"ProcessGetUpdates", "result":"Done", "context":{"dataType":"Sessions", "deleted":"221", "process_failed_to_decrypt":"0", "process_pending_decryption":"0", "process_success":"221", "total":"221"}}
{"logTime": "0310/203717", "correlationVector":"ZFVfidNPo76+P8klIlU66b.4","action":"GetUpdates Response", "result":"Success", "context":Received 250 update(s). cV=ZFVfidNPo76+P8klIlU66b.0;server=akswtt11200001x;cloudType=Consumer;environment=Prod_francecentral_prod-s01-062-eur-francecentral;migrationStage=NotStarted Some updates remain.}
{"logTime": "0310/203717", "correlationVector":"FNdN68Vs8MgA4JH6dAIyrp","action":"Initial GetUpdates", "result":"", "context":Reason: NEWLY_SUPPORTED_DATATYPE. cV=FNdN68Vs8MgA4JH6dAIyrp}
{"logTime": "0310/203717", "correlationVector":"FNdN68Vs8MgA4JH6dAIyrp.1","action":"SyncServerConnectionManagerRequest", "result":"SYNC_SERVER_OK", "context":{"environment":"Prod_francecentral_prod-s01-062-eur-francecentral", "migrationStage":"NotStarted", "server":"akswtt112000016"}}
{"logTime": "0310/203717", "correlationVector":"FNdN68Vs8MgA4JH6dAIyrp.2","action":"ProcessGetUpdates", "result":"Done", "context":{"dataType":"Autofill", "deleted":"0", "process_failed_to_decrypt":"0", "process_pending_decryption":"0", "process_success":"89", "total":"89"}}
{"logTime": "0310/203717", "correlationVector":"FNdN68Vs8MgA4JH6dAIyrp.3","action":"ProcessGetUpdates", "result":"Done", "context":{"dataType":"Sessions", "deleted":"159", "process_failed_to_decrypt":"0", "process_pending_decryption":"0", "process_success":"159", "total":"159"}}
{"logTime": "0310/203717", "correlationVector":"FNdN68Vs8MgA4JH6dAIyrp.4","action":"ProcessGetUpdates", "result":"Done", "context":{"dataType":"Edge Hub App Usage", "deleted":"1", "process_failed_to_decrypt":"0", "process_pending_decryption":"0", "process_success":"2", "total":"2"}}
{"logTime": "0310/203717", "correlationVector":"FNdN68Vs8MgA4JH6dAIyrp.5","action":"GetUpdates Response", "result":"Success", "context":Received 250 update(s). cV=FNdN68Vs8MgA4JH6dAIyrp.0;server=akswtt112000016;cloudType=Consumer;environment=Prod_francecentral_prod-s01-062-eur-francecentral;migrationStage=NotStarted Some updates remain.}
{"logTime": "0310/203717", "correlationVector":"E7QIeopYkauEn5x4ixL1QR","action":"Initial GetUpdates", "result":"", "context":Reason: NEWLY_SUPPORTED_DATATYPE. cV=E7QIeopYkauEn5x4ixL1QR}
{"logTime": "0310/203718", "correlationVector":"E7QIeopYkauEn5x4ixL1QR.1","action":"SyncServerConnectionManagerRequest", "result":"SYNC_SERVER_OK", "context":{"environment":"Prod_francecentral_prod-s01-062-eur-francecentral", "migrationStage":"NotStarted", "server":"akswtt112000008"}}
{"logTime": "0310/203718", "correlationVector":"E7QIeopYkauEn5x4ixL1QR.2","action":"ProcessGetUpdates", "result":"Done", "context":{"dataType":"Autofill Profiles", "deleted":"0", "process_failed_to_decrypt":"0", "process_pending_decryption":"0", "process_success":"1", "total":"1"}}
{"logTime": "0310/203718", "correlationVector":"E7QIeopYkauEn5x4ixL1QR.3","action":"ProcessGetUpdates", "result":"Done", "context":{"dataType":"Autofill", "deleted":"0", "process_failed_to_decrypt":"0", "process_pending_decryption":"0", "process_success":"17", "total":"17"}}
{"logTime": "0310/203718", "correlationVector":"E7QIeopYkauEn5x4ixL1QR.4","action":"ProcessGetUpdates", "result":"Done", "context":{"dataType":"Sessions", "deleted":"225", "process_failed_to_decrypt":"0", "process_pending_decryption":"0", "process_success":"225", "total":"225"}}
{"logTime": "0310/203718", "correlationVector":"E7QIeopYkauEn5x4ixL1QR.5","action":"ProcessGetUpdates", "result":"Done", "context":{"dataType":"History Delete Directives", "deleted":"0", "process_failed_to_decrypt":"0", "process_pending_decryption":"0", "process_success":"1", "total":"1"}}
{"logTime": "0310/203718", "correlationVector":"E7QIeopYkauEn5x4ixL1QR.6","action":"ProcessGetUpdates", "result":"Done", "context":{"dataType":"Edge Hub App Usage", "deleted":"3", "process_failed_to_decrypt":"0", "process_pending_decryption":"0", "process_success":"6", "total":"6"}}
{"logTime": "0310/203718", "correlationVector":"E7QIeopYkauEn5x4ixL1QR.7","action":"GetUpdates Response", "result":"Success", "context":Received 250 update(s). cV=E7QIeopYkauEn5x4ixL1QR.0;server=akswtt112000008;cloudType=Consumer;environment=Prod_francecentral_prod-s01-062-eur-francecentral;migrationStage=NotStarted Some updates remain.}
{"logTime": "0310/203718", "correlationVector":"zs0ZNJmNFekW0mWWJWucqr","action":"Initial GetUpdates", "result":"", "context":Reason: NEWLY_SUPPORTED_DATATYPE. cV=zs0ZNJmNFekW0mWWJWucqr}
{"logTime": "0310/203718", "correlationVector":"zs0ZNJmNFekW0mWWJWucqr.1","action":"SyncServerConnectionManagerRequest", "result":"SYNC_SERVER_OK", "context":{"environment":"Prod_francecentral_prod-s01-062-eur-francecentral", "migrationStage":"NotStarted", "server":"akswtt11200001r"}}
{"logTime": "0310/203718", "correlationVector":"zs0ZNJmNFekW0mWWJWucqr.2","action":"ProcessGetUpdates", "result":"Done", "context":{"dataType":"Autofill Profiles", "deleted":"0", "process_failed_to_decrypt":"0", "process_pending_decryption":"0", "process_success":"5", "total":"5"}}
{"logTime": "0310/203718", "correlationVector":"zs0ZNJmNFekW0mWWJWucqr.3","action":"ProcessGetUpdates", "result":"Done", "context":{"dataType":"Autofill", "deleted":"0", "process_failed_to_decrypt":"0", "process_pending_decryption":"0", "process_success":"11", "total":"11"}}
{"logTime": "0310/203718", "correlationVector":"zs0ZNJmNFekW0mWWJWucqr.4","action":"ProcessGetUpdates", "result":"Done", "context":{"dataType":"Sessions", "deleted":"190", "process_failed_to_decrypt":"0", "process_pending_decryption":"0", "process_success":"213", "total":"213"}}
{"logTime": "0310/203718", "correlationVector":"zs0ZNJmNFekW0mWWJWucqr.5","action":"ProcessGetUpdates", "result":"Done", "context":{"dataType":"Edge Hub App Usage", "deleted":"5", "process_failed_to_decrypt":"0", "process_pending_decryption":"0", "process_success":"8", "total":"8"}}
{"logTime": "0310/203718", "correlationVector":"zs0ZNJmNFekW0mWWJWucqr.6","action":"GetUpdates Response", "result":"Success", "context":Received 237 update(s). cV=zs0ZNJmNFekW0mWWJWucqr.0;server=akswtt11200001r;cloudType=Consumer;environment=Prod_francecentral_prod-s01-062-eur-francecentral;migrationStage=NotStarted}
{"logTime": "0310/203718", "correlationVector":"r7PFFwlqY0V69MCbB8JugX","action":"Initial GetUpdates", "result":"", "context":Reason: NEWLY_SUPPORTED_DATATYPE. cV=r7PFFwlqY0V69MCbB8JugX}
{"logTime": "0310/203719", "correlationVector":"r7PFFwlqY0V69MCbB8JugX.1","action":"SyncServerConnectionManagerRequest", "result":"SYNC_SERVER_OK", "context":{"environment":"Prod_francecentral_prod-s01-062-eur-francecentral", "migrationStage":"NotStarted", "server":"akswtt112000008"}}
{"logTime": "0310/203719", "correlationVector":"r7PFFwlqY0V69MCbB8JugX.2","action":"ProcessGetUpdates", "result":"Done", "context":{"dataType":"History", "deleted":"0", "process_failed_to_decrypt":"0", "process_pending_decryption":"0", "process_success":"250", "total":"250"}}
{"logTime": "0310/203719", "correlationVector":"r7PFFwlqY0V69MCbB8JugX.3","action":"GetUpdates Response", "result":"Success", "context":Received 250 update(s). cV=r7PFFwlqY0V69MCbB8JugX.0;server=akswtt112000008;cloudType=Consumer;environment=Prod_francecentral_prod-s01-062-eur-francecentral;migrationStage=NotStarted Some updates remain.}
{"logTime": "0310/203719", "correlationVector":"ZNpknxIPn0XJBai+6LSlxp","action":"Initial GetUpdates", "result":"", "context":Reason: NEWLY_SUPPORTED_DATATYPE. cV=ZNpknxIPn0XJBai+6LSlxp}
{"logTime": "0310/203719", "correlationVector":"ZNpknxIPn0XJBai+6LSlxp.1","action":"SyncServerConnectionManagerRequest", "result":"SYNC_SERVER_OK", "context":{"environment":"Prod_francecentral_prod-s01-062-eur-francecentral", "migrationStage":"NotStarted", "server":"akswtt112000007"}}
{"logTime": "0310/203719", "correlationVector":"ZNpknxIPn0XJBai+6LSlxp.2","action":"ProcessGetUpdates", "result":"Done", "context":{"dataType":"History", "deleted":"0", "process_failed_to_decrypt":"0", "process_pending_decryption":"0", "process_success":"250", "total":"250"}}
{"logTime": "0310/203719", "correlationVector":"ZNpknxIPn0XJBai+6LSlxp.3","action":"GetUpdates Response", "result":"Success", "context":Received 250 update(s). cV=ZNpknxIPn0XJBai+6LSlxp.0;server=akswtt112000007;cloudType=Consumer;environment=Prod_francecentral_prod-s01-062-eur-francecentral;migrationStage=NotStarted Some updates remain.}
{"logTime": "0310/203719", "correlationVector":"wVaDZkahv+OJuOuPXHBc3M","action":"Initial GetUpdates", "result":"", "context":Reason: NEWLY_SUPPORTED_DATATYPE. cV=wVaDZkahv+OJuOuPXHBc3M}
{"logTime": "0310/203720", "correlationVector":"wVaDZkahv+OJuOuPXHBc3M.1","action":"SyncServerConnectionManagerRequest", "result":"SYNC_SERVER_OK", "context":{"environment":"Prod_francecentral_prod-s01-062-eur-francecentral", "migrationStage":"NotStarted", "server":"akswtt11200001r"}}
{"logTime": "0310/203720", "correlationVector":"wVaDZkahv+OJuOuPXHBc3M.2","action":"ProcessGetUpdates", "result":"Done", "context":{"dataType":"History", "deleted":"0", "process_failed_to_decrypt":"0", "process_pending_decryption":"0", "process_success":"250", "total":"250"}}
{"logTime": "0310/203720", "correlationVector":"wVaDZkahv+OJuOuPXHBc3M.3","action":"GetUpdates Response", "result":"Success", "context":Received 250 update(s). cV=wVaDZkahv+OJuOuPXHBc3M.0;server=akswtt11200001r;cloudType=Consumer;environment=Prod_francecentral_prod-s01-062-eur-francecentral;migrationStage=NotStarted Some updates remain.}
{"logTime": "0310/203720", "correlationVector":"DCB8LT6Yc55y4zzoIhsZpm","action":"Initial GetUpdates", "result":"", "context":Reason: NEWLY_SUPPORTED_DATATYPE. cV=DCB8LT6Yc55y4zzoIhsZpm}
{"logTime": "0310/203720", "correlationVector":"DCB8LT6Yc55y4zzoIhsZpm.1","action":"SyncServerConnectionManagerRequest", "result":"SYNC_SERVER_OK", "context":{"environment":"Prod_francecentral_prod-s01-062-eur-francecentral", "migrationStage":"NotStarted", "server":"akswtt11200002h"}}
{"logTime": "0310/203720", "correlationVector":"DCB8LT6Yc55y4zzoIhsZpm.2","action":"ProcessGetUpdates", "result":"Done", "context":{"dataType":"History", "deleted":"0", "process_failed_to_decrypt":"0", "process_pending_decryption":"0", "process_success":"250", "total":"250"}}
{"logTime": "0310/203720", "correlationVector":"DCB8LT6Yc55y4zzoIhsZpm.3","action":"GetUpdates Response", "result":"Success", "context":Received 250 update(s). cV=DCB8LT6Yc55y4zzoIhsZpm.0;server=akswtt11200002h;cloudType=Consumer;environment=Prod_francecentral_prod-s01-062-eur-francecentral;migrationStage=NotStarted Some updates remain.}
{"logTime": "0310/203720", "correlationVector":"S2i/wy6oDGHC113c2Wqe6+","action":"Initial GetUpdates", "result":"", "context":Reason: NEWLY_SUPPORTED_DATATYPE. cV=S2i/wy6oDGHC113c2Wqe6+}
{"logTime": "0310/203721", "correlationVector":"S2i/wy6oDGHC113c2Wqe6+.1","action":"SyncServerConnectionManagerRequest", "result":"SYNC_SERVER_OK", "context":{"environment":"Prod_francecentral_prod-s01-062-eur-francecentral", "migrationStage":"NotStarted", "server":"akswtt112000007"}}
{"logTime": "0310/203721", "correlationVector":"S2i/wy6oDGHC113c2Wqe6+.2","action":"ProcessGetUpdates", "result":"Done", "context":{"dataType":"History", "deleted":"0", "process_failed_to_decrypt":"0", "process_pending_decryption":"0", "process_success":"250", "total":"250"}}
{"logTime": "0310/203721", "correlationVector":"S2i/wy6oDGHC113c2Wqe6+.3","action":"GetUpdates Response", "result":"Success", "context":Received 250 update(s). cV=S2i/wy6oDGHC113c2Wqe6+.0;server=akswtt112000007;cloudType=Consumer;environment=Prod_francecentral_prod-s01-062-eur-francecentral;migrationStage=NotStarted Some updates remain.}
{"logTime": "0310/203721", "correlationVector":"pttn+3EzTkhImq2cr0GpVw","action":"Initial GetUpdates", "result":"", "context":Reason: NEWLY_SUPPORTED_DATATYPE. cV=pttn+3EzTkhImq2cr0GpVw}
{"logTime": "0310/203721", "correlationVector":"pttn+3EzTkhImq2cr0GpVw.1","action":"SyncServerConnectionManagerRequest", "result":"SYNC_SERVER_OK", "context":{"environment":"Prod_francecentral_prod-s01-062-eur-francecentral", "migrationStage":"NotStarted", "server":"akswtt11200001x"}}
{"logTime": "0310/203721", "correlationVector":"pttn+3EzTkhImq2cr0GpVw.2","action":"ProcessGetUpdates", "result":"Done", "context":{"dataType":"History", "deleted":"0", "process_failed_to_decrypt":"0", "process_pending_decryption":"0", "process_success":"250", "total":"250"}}
{"logTime": "0310/203721", "correlationVector":"pttn+3EzTkhImq2cr0GpVw.3","action":"GetUpdates Response", "result":"Success", "context":Received 250 update(s). cV=pttn+3EzTkhImq2cr0GpVw.0;server=akswtt11200001x;cloudType=Consumer;environment=Prod_francecentral_prod-s01-062-eur-francecentral;migrationStage=NotStarted Some updates remain.}
{"logTime": "0310/203721", "correlationVector":"GfIwoHySwrSA59BIDNDq+K","action":"Initial GetUpdates", "result":"", "context":Reason: NEWLY_SUPPORTED_DATATYPE. cV=GfIwoHySwrSA59BIDNDq+K}
{"logTime": "0310/203722", "correlationVector":"GfIwoHySwrSA59BIDNDq+K.1","action":"SyncServerConnectionManagerRequest", "result":"SYNC_SERVER_OK", "context":{"environment":"Prod_francecentral_prod-s01-062-eur-francecentral", "migrationStage":"NotStarted", "server":"akswtt11200001d"}}
{"logTime": "0310/203722", "correlationVector":"GfIwoHySwrSA59BIDNDq+K.2","action":"ProcessGetUpdates", "result":"Done", "context":{"dataType":"History", "deleted":"0", "process_failed_to_decrypt":"0", "process_pending_decryption":"0", "process_success":"250", "total":"250"}}
{"logTime": "0310/203722", "correlationVector":"GfIwoHySwrSA59BIDNDq+K.3","action":"GetUpdates Response", "result":"Success", "context":Received 250 update(s). cV=GfIwoHySwrSA59BIDNDq+K.0;server=akswtt11200001d;cloudType=Consumer;environment=Prod_francecentral_prod-s01-062-eur-francecentral;migrationStage=NotStarted Some updates remain.}
{"logTime": "0310/203722", "correlationVector":"jVIQQf38LkcEl1o97A6OuR","action":"Initial GetUpdates", "result":"", "context":Reason: NEWLY_SUPPORTED_DATATYPE. cV=jVIQQf38LkcEl1o97A6OuR}
{"logTime": "0310/203722", "correlationVector":"jVIQQf38LkcEl1o97A6OuR.1","action":"SyncServerConnectionManagerRequest", "result":"SYNC_SERVER_OK", "context":{"environment":"Prod_francecentral_prod-s01-062-eur-francecentral", "migrationStage":"NotStarted", "server":"akswtt11200001x"}}
{"logTime": "0310/203722", "correlationVector":"jVIQQf38LkcEl1o97A6OuR.2","action":"ProcessGetUpdates", "result":"Done", "context":{"dataType":"History", "deleted":"0", "process_failed_to_decrypt":"0", "process_pending_decryption":"0", "process_success":"250", "total":"250"}}
{"logTime": "0310/203722", "correlationVector":"jVIQQf38LkcEl1o97A6OuR.3","action":"GetUpdates Response", "result":"Success", "context":Received 250 update(s). cV=jVIQQf38LkcEl1o97A6OuR.0;server=akswtt11200001x;cloudType=Consumer;environment=Prod_francecentral_prod-s01-062-eur-francecentral;migrationStage=NotStarted Some updates remain.}
{"logTime": "0310/203722", "correlationVector":"KaEFPTzLUNdr2Aiv4KIENG","action":"Initial GetUpdates", "result":"", "context":Reason: NEWLY_SUPPORTED_DATATYPE. cV=KaEFPTzLUNdr2Aiv4KIENG}
{"logTime": "0310/203723", "correlationVector":"KaEFPTzLUNdr2Aiv4KIENG.1","action":"SyncServerConnectionManagerRequest", "result":"SYNC_SERVER_OK", "context":{"environment":"Prod_francecentral_prod-s01-062-eur-francecentral", "migrationStage":"NotStarted", "server":"akswtt11200002f"}}
{"logTime": "0310/203723", "correlationVector":"KaEFPTzLUNdr2Aiv4KIENG.2","action":"ProcessGetUpdates", "result":"Done", "context":{"dataType":"History", "deleted":"0", "process_failed_to_decrypt":"0", "process_pending_decryption":"0", "process_success":"250", "total":"250"}}
{"logTime": "0310/203723", "correlationVector":"KaEFPTzLUNdr2Aiv4KIENG.3","action":"GetUpdates Response", "result":"Success", "context":Received 250 update(s). cV=KaEFPTzLUNdr2Aiv4KIENG.0;server=akswtt11200002f;cloudType=Consumer;environment=Prod_francecentral_prod-s01-062-eur-francecentral;migrationStage=NotStarted Some updates remain.}
{"logTime": "0310/203723", "correlationVector":"v1bZ9pbW241OJVUtoX5u2x","action":"Initial GetUpdates", "result":"", "context":Reason: NEWLY_SUPPORTED_DATATYPE. cV=v1bZ9pbW241OJVUtoX5u2x}
{"logTime": "0310/203723", "correlationVector":"v1bZ9pbW241OJVUtoX5u2x.1","action":"SyncServerConnectionManagerRequest", "result":"SYNC_SERVER_OK", "context":{"environment":"Prod_francecentral_prod-s01-062-eur-francecentral", "migrationStage":"NotStarted", "server":"akswtt112000007"}}
{"logTime": "0310/203723", "correlationVector":"v1bZ9pbW241OJVUtoX5u2x.2","action":"ProcessGetUpdates", "result":"Done", "context":{"dataType":"History", "deleted":"0", "process_failed_to_decrypt":"0", "process_pending_decryption":"0", "process_success":"250", "total":"250"}}
{"logTime": "0310/203723", "correlationVector":"v1bZ9pbW241OJVUtoX5u2x.3","action":"GetUpdates Response", "result":"Success", "context":Received 250 update(s). cV=v1bZ9pbW241OJVUtoX5u2x.0;server=akswtt112000007;cloudType=Consumer;environment=Prod_francecentral_prod-s01-062-eur-francecentral;migrationStage=NotStarted Some updates remain.}
{"logTime": "0310/203723", "correlationVector":"d8uJS9omdCfr34OYrBy8pR","action":"Initial GetUpdates", "result":"", "context":Reason: NEWLY_SUPPORTED_DATATYPE. cV=d8uJS9omdCfr34OYrBy8pR}
{"logTime": "0310/203724", "correlationVector":"d8uJS9omdCfr34OYrBy8pR.1","action":"SyncServerConnectionManagerRequest", "result":"SYNC_SERVER_OK", "context":{"environment":"Prod_francecentral_prod-s01-062-eur-francecentral", "migrationStage":"NotStarted", "server":"akswtt112000008"}}
{"logTime": "0310/203724", "correlationVector":"d8uJS9omdCfr34OYrBy8pR.2","action":"ProcessGetUpdates", "result":"Done", "context":{"dataType":"History", "deleted":"0", "process_failed_to_decrypt":"0", "process_pending_decryption":"0", "process_success":"250", "total":"250"}}
{"logTime": "0310/203724", "correlationVector":"d8uJS9omdCfr34OYrBy8pR.3","action":"GetUpdates Response", "result":"Success", "context":Received 250 update(s). cV=d8uJS9omdCfr34OYrBy8pR.0;server=akswtt112000008;cloudType=Consumer;environment=Prod_francecentral_prod-s01-062-eur-francecentral;migrationStage=NotStarted Some updates remain.}
{"logTime": "0310/203724", "correlationVector":"MM8bU9loalT+PSgbbyVUZV","action":"Initial GetUpdates", "result":"", "context":Reason: NEWLY_SUPPORTED_DATATYPE. cV=MM8bU9loalT+PSgbbyVUZV}
{"logTime": "0310/203724", "correlationVector":"MM8bU9loalT+PSgbbyVUZV.1","action":"SyncServerConnectionManagerRequest", "result":"SYNC_SERVER_OK", "context":{"environment":"Prod_francecentral_prod-s01-062-eur-francecentral", "migrationStage":"NotStarted", "server":"akswtt11200002f"}}
{"logTime": "0310/203724", "correlationVector":"MM8bU9loalT+PSgbbyVUZV.2","action":"ProcessGetUpdates", "result":"Done", "context":{"dataType":"History", "deleted":"0", "process_failed_to_decrypt":"0", "process_pending_decryption":"0", "process_success":"250", "total":"250"}}
{"logTime": "0310/203724", "correlationVector":"MM8bU9loalT+PSgbbyVUZV.3","action":"GetUpdates Response", "result":"Success", "context":Received 250 update(s). cV=MM8bU9loalT+PSgbbyVUZV.0;server=akswtt11200002f;cloudType=Consumer;environment=Prod_francecentral_prod-s01-062-eur-francecentral;migrationStage=NotStarted Some updates remain.}
{"logTime": "0310/203724", "correlationVector":"do1sgLrDwShSjUwIp7CPKw","action":"Initial GetUpdates", "result":"", "context":Reason: NEWLY_SUPPORTED_DATATYPE. cV=do1sgLrDwShSjUwIp7CPKw}
{"logTime": "0310/203725", "correlationVector":"do1sgLrDwShSjUwIp7CPKw.1","action":"SyncServerConnectionManagerRequest", "result":"SYNC_SERVER_OK", "context":{"environment":"Prod_francecentral_prod-s01-062-eur-francecentral", "migrationStage":"NotStarted", "server":"akswtt112000016"}}
{"logTime": "0310/203725", "correlationVector":"do1sgLrDwShSjUwIp7CPKw.2","action":"ProcessGetUpdates", "result":"Done", "context":{"dataType":"History", "deleted":"0", "process_failed_to_decrypt":"0", "process_pending_decryption":"0", "process_success":"250", "total":"250"}}
{"logTime": "0310/203725", "correlationVector":"do1sgLrDwShSjUwIp7CPKw.3","action":"GetUpdates Response", "result":"Success", "context":Received 250 update(s). cV=do1sgLrDwShSjUwIp7CPKw.0;server=akswtt112000016;cloudType=Consumer;environment=Prod_francecentral_prod-s01-062-eur-francecentral;migrationStage=NotStarted Some updates remain.}
{"logTime": "0310/203725", "correlationVector":"xkNbrsm1SAcu1tvJNtBaoG","action":"Initial GetUpdates", "result":"", "context":Reason: NEWLY_SUPPORTED_DATATYPE. cV=xkNbrsm1SAcu1tvJNtBaoG}
{"logTime": "0310/203725", "correlationVector":"xkNbrsm1SAcu1tvJNtBaoG.1","action":"SyncServerConnectionManagerRequest", "result":"SYNC_SERVER_OK", "context":{"environment":"Prod_francecentral_prod-s01-062-eur-francecentral", "migrationStage":"NotStarted", "server":"akswtt11200001p"}}
{"logTime": "0310/203725", "correlationVector":"xkNbrsm1SAcu1tvJNtBaoG.2","action":"ProcessGetUpdates", "result":"Done", "context":{"dataType":"History", "deleted":"0", "process_failed_to_decrypt":"0", "process_pending_decryption":"0", "process_success":"250", "total":"250"}}
{"logTime": "0310/203725", "correlationVector":"xkNbrsm1SAcu1tvJNtBaoG.3","action":"GetUpdates Response", "result":"Success", "context":Received 250 update(s). cV=xkNbrsm1SAcu1tvJNtBaoG.0;server=akswtt11200001p;cloudType=Consumer;environment=Prod_francecentral_prod-s01-062-eur-francecentral;migrationStage=NotStarted Some updates remain.}
{"logTime": "0310/203725", "correlationVector":"ydhAIuA5PbBX9gEZkqL64a","action":"Initial GetUpdates", "result":"", "context":Reason: NEWLY_SUPPORTED_DATATYPE. cV=ydhAIuA5PbBX9gEZkqL64a}
{"logTime": "0310/203726", "correlationVector":"ydhAIuA5PbBX9gEZkqL64a.1","action":"SyncServerConnectionManagerRequest", "result":"SYNC_SERVER_OK", "context":{"environment":"Prod_francecentral_prod-s01-062-eur-francecentral", "migrationStage":"NotStarted", "server":"akswtt11200002f"}}
{"logTime": "0310/203726", "correlationVector":"ydhAIuA5PbBX9gEZkqL64a.2","action":"ProcessGetUpdates", "result":"Done", "context":{"dataType":"History", "deleted":"0", "process_failed_to_decrypt":"0", "process_pending_decryption":"0", "process_success":"250", "total":"250"}}
{"logTime": "0310/203726", "correlationVector":"ydhAIuA5PbBX9gEZkqL64a.3","action":"GetUpdates Response", "result":"Success", "context":Received 250 update(s). cV=ydhAIuA5PbBX9gEZkqL64a.0;server=akswtt11200002f;cloudType=Consumer;environment=Prod_francecentral_prod-s01-062-eur-francecentral;migrationStage=NotStarted Some updates remain.}
{"logTime": "0310/203726", "correlationVector":"+PEDjhvjIPvs2T1o8IFogq","action":"Initial GetUpdates", "result":"", "context":Reason: NEWLY_SUPPORTED_DATATYPE. cV=+PEDjhvjIPvs2T1o8IFogq}
{"logTime": "0310/203726", "correlationVector":"+PEDjhvjIPvs2T1o8IFogq.1","action":"SyncServerConnectionManagerRequest", "result":"SYNC_SERVER_OK", "context":{"environment":"Prod_francecentral_prod-s01-062-eur-francecentral", "migrationStage":"NotStarted", "server":"akswtt112000008"}}
{"logTime": "0310/203726", "correlationVector":"+PEDjhvjIPvs2T1o8IFogq.2","action":"ProcessGetUpdates", "result":"Done", "context":{"dataType":"History", "deleted":"0", "process_failed_to_decrypt":"0", "process_pending_decryption":"0", "process_success":"250", "total":"250"}}
{"logTime": "0310/203726", "correlationVector":"+PEDjhvjIPvs2T1o8IFogq.3","action":"GetUpdates Response", "result":"Success", "context":Received 250 update(s). cV=+PEDjhvjIPvs2T1o8IFogq.0;server=akswtt112000008;cloudType=Consumer;environment=Prod_francecentral_prod-s01-062-eur-francecentral;migrationStage=NotStarted Some updates remain.}
{"logTime": "0310/203726", "correlationVector":"BkZLJuyPk7WZ0R5l3VoLmj","action":"Initial GetUpdates", "result":"", "context":Reason: NEWLY_SUPPORTED_DATATYPE. cV=BkZLJuyPk7WZ0R5l3VoLmj}
{"logTime": "0310/203727", "correlationVector":"BkZLJuyPk7WZ0R5l3VoLmj.1","action":"SyncServerConnectionManagerRequest", "result":"SYNC_SERVER_OK", "context":{"environment":"Prod_francecentral_prod-s01-062-eur-francecentral", "migrationStage":"NotStarted", "server":"akswtt112000007"}}
{"logTime": "0310/203727", "correlationVector":"BkZLJuyPk7WZ0R5l3VoLmj.2","action":"ProcessGetUpdates", "result":"Done", "context":{"dataType":"History", "deleted":"0", "process_failed_to_decrypt":"0", "process_pending_decryption":"0", "process_success":"146", "total":"146"}}
{"logTime": "0310/203727", "correlationVector":"BkZLJuyPk7WZ0R5l3VoLmj.3","action":"GetUpdates Response", "result":"Success", "context":Received 146 update(s). cV=BkZLJuyPk7WZ0R5l3VoLmj.0;server=akswtt112000007;cloudType=Consumer;environment=Prod_francecentral_prod-s01-062-eur-francecentral;migrationStage=NotStarted}
{"logTime": "0310/203727", "correlationVector":"5VMbKVSFLQRGlnTB7Ylz4j","action":"Normal GetUpdate request", "result":"", "context":cV=5VMbKVSFLQRGlnTB7Ylz4j
Nudged types: Preferences, Sessions, Device Info, User Consents
Refresh requested types: Bookmarks, Preferences, Passwords, Autofill Profiles, Autofill, Extensions, Sessions, Extension settings, History Delete Directives, Device Info, User Consents, Send Tab To Self, Web Apps, History, Saved Tab Group, WebAuthn Credentials, Collection, Edge E Drop, Edge Hub App Usage, Edge Wallet, Edge Workspace, Encryption Keys}
{"logTime": "0310/203727", "correlationVector":"5VMbKVSFLQRGlnTB7Ylz4j.1","action":"SyncServerConnectionManagerRequest", "result":"SYNC_SERVER_OK", "context":{"environment":"Prod_francecentral_prod-s01-062-eur-francecentral", "migrationStage":"NotStarted", "server":"akswtt11200002f"}}
{"logTime": "0310/203727", "correlationVector":"5VMbKVSFLQRGlnTB7Ylz4j.2","action":"GetUpdates Response", "result":"Success", "context":Received 0 update(s). cV=5VMbKVSFLQRGlnTB7Ylz4j.0;server=akswtt11200002f;cloudType=Consumer;environment=Prod_francecentral_prod-s01-062-eur-francecentral;migrationStage=NotStarted}
{"logTime": "0310/203727", "correlationVector":"aO/YidZF3dRqmhGM3wqjx/","action":"Commit Request", "result":"", "context":Item count: 5
Contributing types: Preferences, Sessions, Device Info, User Consents}
{"logTime": "0310/203728", "correlationVector":"aO/YidZF3dRqmhGM3wqjx/.1","action":"SyncServerConnectionManagerRequest", "result":"SYNC_SERVER_OK", "context":{"environment":"Prod_francecentral_prod-s01-062-eur-francecentral", "migrationStage":"NotStarted", "server":"akswtt11200002h"}}
{"logTime": "0310/203728", "correlationVector":"aO/YidZF3dRqmhGM3wqjx/.2","action":"Commit Response", "result":"Success", "context":Result: Success. cV=aO/YidZF3dRqmhGM3wqjx/.0;server=akswtt11200002h;cloudType=Consumer;environment=Prod_francecentral_prod-s01-062-eur-francecentral;migrationStage=NotStarted}
{"logTime": "0310/203729", "correlationVector":"ISonVTQDJB8s6fJHNBJT7W","action":"Normal GetUpdate request", "result":"", "context":cV=ISonVTQDJB8s6fJHNBJT7W
Notified types: History}
{"logTime": "0310/203729", "correlationVector":"ISonVTQDJB8s6fJHNBJT7W.1","action":"SyncServerConnectionManagerRequest", "result":"SYNC_SERVER_OK", "context":{"environment":"Prod_francecentral_prod-s01-062-eur-francecentral", "migrationStage":"NotStarted", "server":"akswtt11200001p"}}
{"logTime": "0310/203729", "correlationVector":"ISonVTQDJB8s6fJHNBJT7W.2","action":"ProcessGetUpdates", "result":"Done", "context":{"dataType":"Preferences", "deleted":"0", "process_failed_to_decrypt":"0", "process_pending_decryption":"0", "process_success":"1", "total":"1"}}
{"logTime": "0310/203729", "correlationVector":"ISonVTQDJB8s6fJHNBJT7W.3","action":"ProcessGetUpdates", "result":"Done", "context":{"dataType":"Sessions", "deleted":"0", "process_failed_to_decrypt":"0", "process_pending_decryption":"0", "process_success":"3", "total":"3"}}
{"logTime": "0310/203729", "correlationVector":"ISonVTQDJB8s6fJHNBJT7W.4","action":"ProcessGetUpdates", "result":"Done", "context":{"dataType":"Device Info", "deleted":"0", "process_failed_to_decrypt":"0", "process_pending_decryption":"0", "process_success":"1", "total":"1"}}
{"logTime": "0310/203729", "correlationVector":"ISonVTQDJB8s6fJHNBJT7W.5","action":"ProcessGetUpdates", "result":"Done", "context":{"dataType":"History", "deleted":"0", "process_failed_to_decrypt":"0", "process_pending_decryption":"0", "process_success":"3", "total":"3"}}
{"logTime": "0310/203729", "correlationVector":"ISonVTQDJB8s6fJHNBJT7W.6","action":"GetUpdates Response", "result":"Success", "context":Received 8 update(s). cV=ISonVTQDJB8s6fJHNBJT7W.0;server=akswtt11200001p;cloudType=Consumer;environment=Prod_francecentral_prod-s01-062-eur-francecentral;migrationStage=NotStarted}
{"logTime": "0310/203730", "correlationVector":"obuXGiBxJ7MjtDcRKE2ohB","action":"DoCompareDataConsistency requsted types: ", "result":"Bookmarks, Preferences, Passwords, Extensions, Extension settings, History Delete Directives, Send Tab To Self, Web Apps, History, Saved Tab Group, WebAuthn Credentials, Collection, Edge E Drop, Edge Wallet, Edge Workspace, Encryption Keys"}
{"logTime": "0310/203730", "correlationVector":"obuXGiBxJ7MjtDcRKE2ohB.0","action":"CompareDataConsistency result: ", "result":"Compare result: Encryption Keys is consistent. local entities count is: 1 local entities hash is: LCWg4EuWoi06TfThNoK8rTdXM7E="}
{"logTime": "0310/203730", "correlationVector":"obuXGiBxJ7MjtDcRKE2ohB.1","action":"CompareDataConsistency result: ", "result":"Compare result: Bookmarks is consistent. local entities count is: 3 local entities hash is: t7CmBQGC1oLIWBu6fUDGe1zZ2Rk="}
{"logTime": "0310/203730", "correlationVector":"obuXGiBxJ7MjtDcRKE2ohB.2","action":"CompareDataConsistency result: ", "result":"Compare result: Preferences is consistent. local entities count is: 71 local entities hash is: Oszp280NljUHSIUJVR6TKlnsPI4="}
{"logTime": "0310/203730", "correlationVector":"obuXGiBxJ7MjtDcRKE2ohB.3","action":"CompareDataConsistency result: ", "result":"Compare result: Extensions is consistent. local entities count is: 0 local entities hash is: "}
{"logTime": "0310/203730", "correlationVector":"obuXGiBxJ7MjtDcRKE2ohB.4","action":"CompareDataConsistency result: ", "result":"Compare result: Extension settings is consistent. local entities count is: 0 local entities hash is: "}
{"logTime": "0310/203730", "correlationVector":"obuXGiBxJ7MjtDcRKE2ohB.5","action":"CompareDataConsistency result: ", "result":"Compare result: History Delete Directives is inconsistent. server entities count is: 1 server entities hash is: JSvSt8ttfh+zvDS5pSbkR3KIigw= local entities count is: 0 local entities hash is: "}
{"logTime": "0310/203730", "correlationVector":"obuXGiBxJ7MjtDcRKE2ohB.6","action":"CompareDataConsistency result: ", "result":"Server did not send this Send Tab To Self local entities count is: 0 local entities hash is: "}
{"logTime": "0310/203730", "correlationVector":"obuXGiBxJ7MjtDcRKE2ohB.7","action":"CompareDataConsistency result: ", "result":"Compare result: Web Apps is consistent. local entities count is: 2 local entities hash is: VD5UEFK2XzgK7jL5U0kF61XkuQE="}
{"logTime": "0310/203730", "correlationVector":"obuXGiBxJ7MjtDcRKE2ohB.8","action":"CompareDataConsistency result: ", "result":"Server did not send this History local entities count is: 0 local entities hash is: "}
{"logTime": "0310/203730", "correlationVector":"obuXGiBxJ7MjtDcRKE2ohB.9","action":"CompareDataConsistency result: ", "result":"Compare result: Saved Tab Group is consistent. local entities count is: 0 local entities hash is: "}
{"logTime": "0310/203730", "correlationVector":"obuXGiBxJ7MjtDcRKE2ohB.10","action":"CompareDataConsistency result: ", "result":"Server did not send this WebAuthn Credentials local entities count is: 0 local entities hash is: "}
{"logTime": "0310/203730", "correlationVector":"obuXGiBxJ7MjtDcRKE2ohB.11","action":"CompareDataConsistency result: ", "result":"Compare result: Collection is consistent. local entities count is: 0 local entities hash is: "}
{"logTime": "0310/203730", "correlationVector":"obuXGiBxJ7MjtDcRKE2ohB.12","action":"CompareDataConsistency result: ", "result":"Compare result: Edge E Drop is consistent. local entities count is: 0 local entities hash is: "}
{"logTime": "0310/203730", "correlationVector":"obuXGiBxJ7MjtDcRKE2ohB.13","action":"CompareDataConsistency result: ", "result":"Compare result: Edge Wallet is consistent. local entities count is: 0 local entities hash is: "}
{"logTime": "0310/203730", "correlationVector":"obuXGiBxJ7MjtDcRKE2ohB.14","action":"CompareDataConsistency result: ", "result":"Server did not send this Edge Workspace local entities count is: 0 local entities hash is: "}
{"logTime": "0310/203730", "correlationVector":"obuXGiBxJ7MjtDcRKE2ohB.15","action":"CompareDataConsistency result: ", "result":"Compare result: Passwords is consistent. local entities count is: 52 local entities hash is: X2+OsP7TkddxIo+PNkTvf4aj1dI="}
{"logTime": "0310/203731", "correlationVector":"","action":"DIAGNOSTIC_REQUEST|v1/diagnosticData/Diagnostic.SendCheckResult()|SUCCESS", "result":""}
{"logTime": "0310/203742", "correlationVector":"9a8fzIdM8a0YXHyL+1Cqnc","action":"Normal GetUpdate request", "result":"", "context":cV=9a8fzIdM8a0YXHyL+1Cqnc
Notified types: Device Info, History}
{"logTime": "0310/203742", "correlationVector":"9a8fzIdM8a0YXHyL+1Cqnc.1","action":"SyncServerConnectionManagerRequest", "result":"SYNC_SERVER_OK", "context":{"environment":"Prod_francecentral_prod-s01-062-eur-francecentral", "migrationStage":"NotStarted", "server":"akswtt11200001r"}}
{"logTime": "0310/203742", "correlationVector":"9a8fzIdM8a0YXHyL+1Cqnc.2","action":"ProcessGetUpdates", "result":"Done", "context":{"dataType":"Sessions", "deleted":"1", "process_failed_to_decrypt":"0", "process_pending_decryption":"0", "process_success":"3", "total":"3"}}
{"logTime": "0310/203742", "correlationVector":"9a8fzIdM8a0YXHyL+1Cqnc.3","action":"ProcessGetUpdates", "result":"Done", "context":{"dataType":"Device Info", "deleted":"0", "process_failed_to_decrypt":"0", "process_pending_decryption":"0", "process_success":"1", "total":"1"}}
{"logTime": "0310/203742", "correlationVector":"9a8fzIdM8a0YXHyL+1Cqnc.4","action":"ProcessGetUpdates", "result":"Done", "context":{"dataType":"History", "deleted":"0", "process_failed_to_decrypt":"0", "process_pending_decryption":"0", "process_success":"2", "total":"2"}}
{"logTime": "0310/203742", "correlationVector":"9a8fzIdM8a0YXHyL+1Cqnc.5","action":"GetUpdates Response", "result":"Success", "context":Received 6 update(s). cV=9a8fzIdM8a0YXHyL+1Cqnc.0;server=akswtt11200001r;cloudType=Consumer;environment=Prod_francecentral_prod-s01-062-eur-francecentral;migrationStage=NotStarted}
{"logTime": "0310/203747", "correlationVector":"gZ8BjI1OcD1kxdhl/yUB8L","action":"Normal GetUpdate request", "result":"", "context":cV=gZ8BjI1OcD1kxdhl/yUB8L
Notified types: Preferences, History}
{"logTime": "0310/203748", "correlationVector":"gZ8BjI1OcD1kxdhl/yUB8L.1","action":"SyncServerConnectionManagerRequest", "result":"SYNC_SERVER_OK", "context":{"environment":"Prod_francecentral_prod-s01-062-eur-francecentral", "migrationStage":"NotStarted", "server":"akswtt11200001r"}}
{"logTime": "0310/203748", "correlationVector":"gZ8BjI1OcD1kxdhl/yUB8L.2","action":"ProcessGetUpdates", "result":"Done", "context":{"dataType":"Preferences", "deleted":"0", "process_failed_to_decrypt":"0", "process_pending_decryption":"0", "process_success":"1", "total":"1"}}
{"logTime": "0310/203748", "correlationVector":"gZ8BjI1OcD1kxdhl/yUB8L.3","action":"ProcessGetUpdates", "result":"Done", "context":{"dataType":"Sessions", "deleted":"0", "process_failed_to_decrypt":"0", "process_pending_decryption":"0", "process_success":"2", "total":"2"}}
{"logTime": "0310/203748", "correlationVector":"gZ8BjI1OcD1kxdhl/yUB8L.4","action":"ProcessGetUpdates", "result":"Done", "context":{"dataType":"History", "deleted":"0", "process_failed_to_decrypt":"0", "process_pending_decryption":"0", "process_success":"1", "total":"1"}}
{"logTime": "0310/203748", "correlationVector":"gZ8BjI1OcD1kxdhl/yUB8L.5","action":"GetUpdates Response", "result":"Success", "context":Received 4 update(s). cV=gZ8BjI1OcD1kxdhl/yUB8L.0;server=akswtt11200001r;cloudType=Consumer;environment=Prod_francecentral_prod-s01-062-eur-francecentral;migrationStage=NotStarted}
{"logTime": "0310/203754", "correlationVector":"YGz3wcsBr7RED9MR54Kwth","action":"Normal GetUpdate request", "result":"", "context":cV=YGz3wcsBr7RED9MR54Kwth
Notified types: Device Info}
{"logTime": "0310/203754", "correlationVector":"YGz3wcsBr7RED9MR54Kwth.1","action":"SyncServerConnectionManagerRequest", "result":"SYNC_SERVER_OK", "context":{"environment":"Prod_francecentral_prod-s01-062-eur-francecentral", "migrationStage":"NotStarted", "server":"akswtt11200001r"}}
{"logTime": "0310/203754", "correlationVector":"YGz3wcsBr7RED9MR54Kwth.2","action":"ProcessGetUpdates", "result":"Done", "context":{"dataType":"Sessions", "deleted":"0", "process_failed_to_decrypt":"0", "process_pending_decryption":"0", "process_success":"1", "total":"1"}}
{"logTime": "0310/203754", "correlationVector":"YGz3wcsBr7RED9MR54Kwth.3","action":"ProcessGetUpdates", "result":"Done", "context":{"dataType":"Device Info", "deleted":"0", "process_failed_to_decrypt":"0", "process_pending_decryption":"0", "process_success":"1", "total":"1"}}
{"logTime": "0310/203754", "correlationVector":"YGz3wcsBr7RED9MR54Kwth.4","action":"GetUpdates Response", "result":"Success", "context":Received 2 update(s). cV=YGz3wcsBr7RED9MR54Kwth.0;server=akswtt11200001r;cloudType=Consumer;environment=Prod_francecentral_prod-s01-062-eur-francecentral;migrationStage=NotStarted}
{"logTime": "0310/203754", "correlationVector":"HC9UoV8vXNSftIQX83yPf9","action":"Commit Request", "result":"", "context":Item count: 40
Contributing types: Passwords}
{"logTime": "0310/203757", "correlationVector":"HC9UoV8vXNSftIQX83yPf9.1","action":"SyncServerConnectionManagerRequest", "result":"SYNC_SERVER_OK", "context":{"environment":"Prod_francecentral_prod-s01-062-eur-francecentral", "migrationStage":"NotStarted", "server":"akswtt112000007"}}
{"logTime": "0310/203757", "correlationVector":"HC9UoV8vXNSftIQX83yPf9.2","action":"Commit Response", "result":"Success", "context":Result: Success. cV=HC9UoV8vXNSftIQX83yPf9.0;server=akswtt112000007;cloudType=Consumer;environment=Prod_francecentral_prod-s01-062-eur-francecentral;migrationStage=NotStarted}
{"logTime": "0310/203757", "correlationVector":"tpKcdsRqbKtwrB3CbQVBjQ","action":"Commit Request", "result":"", "context":Item count: 4
Contributing types: Preferences, Passwords}
{"logTime": "0310/203757", "correlationVector":"tpKcdsRqbKtwrB3CbQVBjQ.1","action":"SyncServerConnectionManagerRequest", "result":"SYNC_SERVER_OK", "context":{"environment":"Prod_francecentral_prod-s01-062-eur-francecentral", "migrationStage":"NotStarted", "server":"akswtt112000025"}}
{"logTime": "0310/203757", "correlationVector":"tpKcdsRqbKtwrB3CbQVBjQ.2","action":"Commit Response", "result":"Success", "context":Result: Success. cV=tpKcdsRqbKtwrB3CbQVBjQ.0;server=akswtt112000025;cloudType=Consumer;environment=Prod_francecentral_prod-s01-062-eur-francecentral;migrationStage=NotStarted}
{"logTime": "0310/203829", "correlationVector":"8bjUL6r5/lv3MpCw3uzETT","action":"Normal GetUpdate request", "result":"", "context":cV=8bjUL6r5/lv3MpCw3uzETT
Notified types: Device Info}
{"logTime": "0310/203829", "correlationVector":"8bjUL6r5/lv3MpCw3uzETT.1","action":"SyncServerConnectionManagerRequest", "result":"SYNC_SERVER_OK", "context":{"environment":"Prod_francecentral_prod-s01-062-eur-francecentral", "migrationStage":"NotStarted", "server":"akswtt112000007"}}
{"logTime": "0310/203829", "correlationVector":"8bjUL6r5/lv3MpCw3uzETT.2","action":"ProcessGetUpdates", "result":"Done", "context":{"dataType":"Preferences", "deleted":"0", "process_failed_to_decrypt":"0", "process_pending_decryption":"0", "process_success":"1", "total":"1"}}
{"logTime": "0310/203829", "correlationVector":"8bjUL6r5/lv3MpCw3uzETT.3","action":"ProcessGetUpdates", "result":"Done", "context":{"dataType":"Passwords", "deleted":"0", "process_failed_to_decrypt":"0", "process_pending_decryption":"0", "process_success":"43", "total":"43"}}
{"logTime": "0310/203829", "correlationVector":"8bjUL6r5/lv3MpCw3uzETT.4","action":"ProcessGetUpdates", "result":"Done", "context":{"dataType":"Sessions", "deleted":"0", "process_failed_to_decrypt":"0", "process_pending_decryption":"0", "process_success":"3", "total":"3"}}
{"logTime": "0310/203829", "correlationVector":"8bjUL6r5/lv3MpCw3uzETT.5","action":"ProcessGetUpdates", "result":"Done", "context":{"dataType":"Device Info", "deleted":"0", "process_failed_to_decrypt":"0", "process_pending_decryption":"0", "process_success":"1", "total":"1"}}
{"logTime": "0310/203829", "correlationVector":"8bjUL6r5/lv3MpCw3uzETT.6","action":"GetUpdates Response", "result":"Success", "context":Received 48 update(s). cV=8bjUL6r5/lv3MpCw3uzETT.0;server=akswtt112000007;cloudType=Consumer;environment=Prod_francecentral_prod-s01-062-eur-francecentral;migrationStage=NotStarted}
{"logTime": "0310/203831", "correlationVector":"B37No5DZgLCM6YsNTVLi29","action":"Normal GetUpdate request", "result":"", "context":cV=B37No5DZgLCM6YsNTVLi29
Notified types: Preferences}
{"logTime": "0310/203832", "correlationVector":"B37No5DZgLCM6YsNTVLi29.1","action":"SyncServerConnectionManagerRequest", "result":"SYNC_SERVER_OK", "context":{"environment":"Prod_francecentral_prod-s01-062-eur-francecentral", "migrationStage":"NotStarted", "server":"akswtt11200001p"}}
{"logTime": "0310/203832", "correlationVector":"B37No5DZgLCM6YsNTVLi29.2","action":"ProcessGetUpdates", "result":"Done", "context":{"dataType":"Preferences", "deleted":"0", "process_failed_to_decrypt":"0", "process_pending_decryption":"0", "process_success":"1", "total":"1"}}
{"logTime": "0310/203832", "correlationVector":"B37No5DZgLCM6YsNTVLi29.3","action":"GetUpdates Response", "result":"Success", "context":Received 1 update(s). cV=B37No5DZgLCM6YsNTVLi29.0;server=akswtt11200001p;cloudType=Consumer;environment=Prod_francecentral_prod-s01-062-eur-francecentral;migrationStage=NotStarted}
{"logTime": "0310/203904", "correlationVector":"HGGcYgLyf3nKE9UXayCpaZ","action":"Commit Request", "result":"", "context":Item count: 1
Contributing types: User Consents}
{"logTime": "0310/203905", "correlationVector":"HGGcYgLyf3nKE9UXayCpaZ.1","action":"SyncServerConnectionManagerRequest", "result":"SYNC_SERVER_OK", "context":{"environment":"Prod_francecentral_prod-s01-062-eur-francecentral", "migrationStage":"NotStarted", "server":"akswtt11200001w"}}
{"logTime": "0310/203905", "correlationVector":"HGGcYgLyf3nKE9UXayCpaZ.2","action":"Commit Response", "result":"Success", "context":Result: Success. cV=HGGcYgLyf3nKE9UXayCpaZ.0;server=akswtt11200001w;cloudType=Consumer;environment=Prod_francecentral_prod-s01-062-eur-francecentral;migrationStage=NotStarted}
{"logTime": "0310/203932", "correlationVector":"kn6O1P+k2zqee/KHw/WjK6","action":"Normal GetUpdate request", "result":"", "context":cV=kn6O1P+k2zqee/KHw/WjK6
Notified types: History}
{"logTime": "0310/203932", "correlationVector":"kn6O1P+k2zqee/KHw/WjK6.1","action":"SyncServerConnectionManagerRequest", "result":"SYNC_SERVER_OK", "context":{"environment":"Prod_francecentral_prod-s01-062-eur-francecentral", "migrationStage":"NotStarted", "server":"akswtt11200000j"}}
{"logTime": "0310/203932", "correlationVector":"kn6O1P+k2zqee/KHw/WjK6.2","action":"ProcessGetUpdates", "result":"Done", "context":{"dataType":"Sessions", "deleted":"0", "process_failed_to_decrypt":"0", "process_pending_decryption":"0", "process_success":"3", "total":"3"}}
{"logTime": "0310/203932", "correlationVector":"kn6O1P+k2zqee/KHw/WjK6.3","action":"ProcessGetUpdates", "result":"Done", "context":{"dataType":"History", "deleted":"0", "process_failed_to_decrypt":"0", "process_pending_decryption":"0", "process_success":"2", "total":"2"}}
{"logTime": "0310/203932", "correlationVector":"kn6O1P+k2zqee/KHw/WjK6.4","action":"GetUpdates Response", "result":"Success", "context":Received 5 update(s). cV=kn6O1P+k2zqee/KHw/WjK6.0;server=akswtt11200000j;cloudType=Consumer;environment=Prod_francecentral_prod-s01-062-eur-francecentral;migrationStage=NotStarted}
